<?xml version="1.0" encoding="UTF-8"?>
<testng-results ignored="0" total="10" passed="10" failed="0" skipped="0">
  <reporter-output>
  </reporter-output>
  <suite started-at="2021-09-26T10:01:26 IST" name="Suite" finished-at="2021-09-26T10:03:15 IST" duration-ms="108944">
    <groups>
      <group name="cucumber">
        <method signature="AbstractTestNGCucumberTests.runScenario(io.cucumber.testng.PickleWrapper,io.cucumber.testng.FeatureWrapper)[pri:0, instance:urbanladderrunner.runner@7bd7d6d6]" name="runScenario" class="io.cucumber.testng.AbstractTestNGCucumberTests"/>
      </group> <!-- cucumber -->
    </groups>
    <test started-at="2021-09-26T10:01:26 IST" name="UrbanLadder Testing" finished-at="2021-09-26T10:03:15 IST" duration-ms="108944">
      <class name="urbanladderrunner.runner">
        <test-method is-config="true" signature="setUpClass()[pri:0, instance:urbanladderrunner.runner@7bd7d6d6]" started-at="2021-09-26T10:01:26 IST" name="setUpClass" finished-at="2021-09-26T10:01:26 IST" duration-ms="471" status="PASS">
          <reporter-output>
          </reporter-output>
        </test-method> <!-- setUpClass -->
        <test-method signature="runScenario(io.cucumber.testng.PickleWrapper,io.cucumber.testng.FeatureWrapper)[pri:0, instance:urbanladderrunner.runner@7bd7d6d6]" started-at="2021-09-26T10:01:26 IST" name="runScenario" description="Runs Cucumber Scenarios" data-provider="scenarios" finished-at="2021-09-26T10:01:36 IST" duration-ms="9416" status="PASS">
          <params>
            <param index="0">
              <value>
                <![CDATA["Adding a product to cart as guest"]]>
              </value>
            </param>
            <param index="1">
              <value>
                <![CDATA["Optional[Validating Urbanladder Website]"]]>
              </value>
            </param>
          </params>
          <reporter-output>
          </reporter-output>
        </test-method> <!-- runScenario -->
        <test-method signature="runScenario(io.cucumber.testng.PickleWrapper,io.cucumber.testng.FeatureWrapper)[pri:0, instance:urbanladderrunner.runner@7bd7d6d6]" started-at="2021-09-26T10:01:36 IST" name="runScenario" description="Runs Cucumber Scenarios" data-provider="scenarios" finished-at="2021-09-26T10:01:41 IST" duration-ms="4875" status="PASS">
          <params>
            <param index="0">
              <value>
                <![CDATA["Validating the cart page"]]>
              </value>
            </param>
            <param index="1">
              <value>
                <![CDATA["Optional[Validating Urbanladder Website]"]]>
              </value>
            </param>
          </params>
          <reporter-output>
          </reporter-output>
        </test-method> <!-- runScenario -->
        <test-method signature="runScenario(io.cucumber.testng.PickleWrapper,io.cucumber.testng.FeatureWrapper)[pri:0, instance:urbanladderrunner.runner@7bd7d6d6]" started-at="2021-09-26T10:01:41 IST" name="runScenario" description="Runs Cucumber Scenarios" data-provider="scenarios" finished-at="2021-09-26T10:01:46 IST" duration-ms="5566" status="PASS">
          <params>
            <param index="0">
              <value>
                <![CDATA["Validating Customer Stories page"]]>
              </value>
            </param>
            <param index="1">
              <value>
                <![CDATA["Optional[Validating Urbanladder Website]"]]>
              </value>
            </param>
          </params>
          <reporter-output>
          </reporter-output>
        </test-method> <!-- runScenario -->
        <test-method signature="runScenario(io.cucumber.testng.PickleWrapper,io.cucumber.testng.FeatureWrapper)[pri:0, instance:urbanladderrunner.runner@7bd7d6d6]" started-at="2021-09-26T10:01:46 IST" name="runScenario" description="Runs Cucumber Scenarios" data-provider="scenarios" finished-at="2021-09-26T10:01:56 IST" duration-ms="9975" status="PASS">
          <params>
            <param index="0">
              <value>
                <![CDATA["Validating track page"]]>
              </value>
            </param>
            <param index="1">
              <value>
                <![CDATA["Optional[Validating Urbanladder Website]"]]>
              </value>
            </param>
          </params>
          <reporter-output>
          </reporter-output>
        </test-method> <!-- runScenario -->
        <test-method signature="runScenario(io.cucumber.testng.PickleWrapper,io.cucumber.testng.FeatureWrapper)[pri:0, instance:urbanladderrunner.runner@7bd7d6d6]" started-at="2021-09-26T10:01:56 IST" name="runScenario" description="Runs Cucumber Scenarios" data-provider="scenarios" finished-at="2021-09-26T10:02:06 IST" duration-ms="9494" status="PASS">
          <params>
            <param index="0">
              <value>
                <![CDATA["Validating Subscription page"]]>
              </value>
            </param>
            <param index="1">
              <value>
                <![CDATA["Optional[Validating Urbanladder Website]"]]>
              </value>
            </param>
          </params>
          <reporter-output>
          </reporter-output>
        </test-method> <!-- runScenario -->
        <test-method signature="runScenario(io.cucumber.testng.PickleWrapper,io.cucumber.testng.FeatureWrapper)[pri:0, instance:urbanladderrunner.runner@7bd7d6d6]" started-at="2021-09-26T10:02:06 IST" name="runScenario" description="Runs Cucumber Scenarios" data-provider="scenarios" finished-at="2021-09-26T10:02:33 IST" duration-ms="27574" status="PASS">
          <params>
            <param index="0">
              <value>
                <![CDATA["Automating signup page"]]>
              </value>
            </param>
            <param index="1">
              <value>
                <![CDATA["Optional[Validating Urbanladder Website]"]]>
              </value>
            </param>
          </params>
          <reporter-output>
          </reporter-output>
        </test-method> <!-- runScenario -->
        <test-method signature="runScenario(io.cucumber.testng.PickleWrapper,io.cucumber.testng.FeatureWrapper)[pri:0, instance:urbanladderrunner.runner@7bd7d6d6]" started-at="2021-09-26T10:02:33 IST" name="runScenario" description="Runs Cucumber Scenarios" data-provider="scenarios" finished-at="2021-09-26T10:02:38 IST" duration-ms="5190" status="PASS">
          <params>
            <param index="0">
              <value>
                <![CDATA["Validating Q and A page"]]>
              </value>
            </param>
            <param index="1">
              <value>
                <![CDATA["Optional[Validating Urbanladder Website]"]]>
              </value>
            </param>
          </params>
          <reporter-output>
          </reporter-output>
        </test-method> <!-- runScenario -->
        <test-method signature="runScenario(io.cucumber.testng.PickleWrapper,io.cucumber.testng.FeatureWrapper)[pri:0, instance:urbanladderrunner.runner@7bd7d6d6]" started-at="2021-09-26T10:02:38 IST" name="runScenario" description="Runs Cucumber Scenarios" data-provider="scenarios" finished-at="2021-09-26T10:02:54 IST" duration-ms="15641" status="PASS">
          <params>
            <param index="0">
              <value>
                <![CDATA["Automating login page"]]>
              </value>
            </param>
            <param index="1">
              <value>
                <![CDATA["Optional[Validating Urbanladder Website]"]]>
              </value>
            </param>
          </params>
          <reporter-output>
          </reporter-output>
        </test-method> <!-- runScenario -->
        <test-method signature="runScenario(io.cucumber.testng.PickleWrapper,io.cucumber.testng.FeatureWrapper)[pri:0, instance:urbanladderrunner.runner@7bd7d6d6]" started-at="2021-09-26T10:02:54 IST" name="runScenario" description="Runs Cucumber Scenarios" data-provider="scenarios" finished-at="2021-09-26T10:03:05 IST" duration-ms="10613" status="PASS">
          <params>
            <param index="0">
              <value>
                <![CDATA["Validating search page"]]>
              </value>
            </param>
            <param index="1">
              <value>
                <![CDATA["Optional[Validating Urbanladder Website]"]]>
              </value>
            </param>
          </params>
          <reporter-output>
          </reporter-output>
        </test-method> <!-- runScenario -->
        <test-method signature="runScenario(io.cucumber.testng.PickleWrapper,io.cucumber.testng.FeatureWrapper)[pri:0, instance:urbanladderrunner.runner@7bd7d6d6]" started-at="2021-09-26T10:03:05 IST" name="runScenario" description="Runs Cucumber Scenarios" data-provider="scenarios" finished-at="2021-09-26T10:03:15 IST" duration-ms="10040" status="PASS">
          <params>
            <param index="0">
              <value>
                <![CDATA["Validating gift card page"]]>
              </value>
            </param>
            <param index="1">
              <value>
                <![CDATA["Optional[Validating Urbanladder Website]"]]>
              </value>
            </param>
          </params>
          <reporter-output>
          </reporter-output>
        </test-method> <!-- runScenario -->
        <test-method is-config="true" signature="tearDownClass()[pri:0, instance:urbanladderrunner.runner@7bd7d6d6]" started-at="2021-09-26T10:03:15 IST" name="tearDownClass" finished-at="2021-09-26T10:03:15 IST" duration-ms="42" status="PASS">
          <reporter-output>
          </reporter-output>
        </test-method> <!-- tearDownClass -->
      </class> <!-- urbanladderrunner.runner -->
    </test> <!-- UrbanLadder Testing -->
  </suite> <!-- Suite -->
</testng-results>
