<?xml version="1.0" encoding="UTF-8"?>
<testng-results ignored="0" total="10" passed="10" failed="0" skipped="0">
  <reporter-output>
  </reporter-output>
  <suite started-at="2021-09-26T09:57:52 IST" name="Default suite" finished-at="2021-09-26T09:59:43 IST" duration-ms="110930">
    <groups>
      <group name="cucumber">
        <method signature="AbstractTestNGCucumberTests.runScenario(io.cucumber.testng.PickleWrapper,io.cucumber.testng.FeatureWrapper)[pri:0, instance:urbanladderrunner.runner@41330d4f]" name="runScenario" class="io.cucumber.testng.AbstractTestNGCucumberTests"/>
      </group> <!-- cucumber -->
    </groups>
    <test started-at="2021-09-26T09:57:52 IST" name="Default test" finished-at="2021-09-26T09:59:43 IST" duration-ms="110930">
      <class name="urbanladderrunner.runner">
        <test-method is-config="true" signature="setUpClass()[pri:0, instance:urbanladderrunner.runner@41330d4f]" started-at="2021-09-26T09:57:52 IST" name="setUpClass" finished-at="2021-09-26T09:57:53 IST" duration-ms="644" status="PASS">
          <reporter-output>
          </reporter-output>
        </test-method> <!-- setUpClass -->
        <test-method signature="runScenario(io.cucumber.testng.PickleWrapper,io.cucumber.testng.FeatureWrapper)[pri:0, instance:urbanladderrunner.runner@41330d4f]" started-at="2021-09-26T09:57:53 IST" name="runScenario" description="Runs Cucumber Scenarios" data-provider="scenarios" finished-at="2021-09-26T09:58:03 IST" duration-ms="10564" status="PASS">
          <params>
            <param index="0">
              <value>
                <![CDATA["Adding a product to cart as guest"]]>
              </value>
            </param>
            <param index="1">
              <value>
                <![CDATA["Optional[Validating Urbanladder Website]"]]>
              </value>
            </param>
          </params>
          <reporter-output>
          </reporter-output>
        </test-method> <!-- runScenario -->
        <test-method signature="runScenario(io.cucumber.testng.PickleWrapper,io.cucumber.testng.FeatureWrapper)[pri:0, instance:urbanladderrunner.runner@41330d4f]" started-at="2021-09-26T09:58:03 IST" name="runScenario" description="Runs Cucumber Scenarios" data-provider="scenarios" finished-at="2021-09-26T09:58:08 IST" duration-ms="4614" status="PASS">
          <params>
            <param index="0">
              <value>
                <![CDATA["Validating the cart page"]]>
              </value>
            </param>
            <param index="1">
              <value>
                <![CDATA["Optional[Validating Urbanladder Website]"]]>
              </value>
            </param>
          </params>
          <reporter-output>
          </reporter-output>
        </test-method> <!-- runScenario -->
        <test-method signature="runScenario(io.cucumber.testng.PickleWrapper,io.cucumber.testng.FeatureWrapper)[pri:0, instance:urbanladderrunner.runner@41330d4f]" started-at="2021-09-26T09:58:08 IST" name="runScenario" description="Runs Cucumber Scenarios" data-provider="scenarios" finished-at="2021-09-26T09:58:17 IST" duration-ms="9315" status="PASS">
          <params>
            <param index="0">
              <value>
                <![CDATA["Validating Customer Stories page"]]>
              </value>
            </param>
            <param index="1">
              <value>
                <![CDATA["Optional[Validating Urbanladder Website]"]]>
              </value>
            </param>
          </params>
          <reporter-output>
          </reporter-output>
        </test-method> <!-- runScenario -->
        <test-method signature="runScenario(io.cucumber.testng.PickleWrapper,io.cucumber.testng.FeatureWrapper)[pri:0, instance:urbanladderrunner.runner@41330d4f]" started-at="2021-09-26T09:58:17 IST" name="runScenario" description="Runs Cucumber Scenarios" data-provider="scenarios" finished-at="2021-09-26T09:58:26 IST" duration-ms="8992" status="PASS">
          <params>
            <param index="0">
              <value>
                <![CDATA["Validating track page"]]>
              </value>
            </param>
            <param index="1">
              <value>
                <![CDATA["Optional[Validating Urbanladder Website]"]]>
              </value>
            </param>
          </params>
          <reporter-output>
          </reporter-output>
        </test-method> <!-- runScenario -->
        <test-method signature="runScenario(io.cucumber.testng.PickleWrapper,io.cucumber.testng.FeatureWrapper)[pri:0, instance:urbanladderrunner.runner@41330d4f]" started-at="2021-09-26T09:58:26 IST" name="runScenario" description="Runs Cucumber Scenarios" data-provider="scenarios" finished-at="2021-09-26T09:58:35 IST" duration-ms="9071" status="PASS">
          <params>
            <param index="0">
              <value>
                <![CDATA["Validating Subscription page"]]>
              </value>
            </param>
            <param index="1">
              <value>
                <![CDATA["Optional[Validating Urbanladder Website]"]]>
              </value>
            </param>
          </params>
          <reporter-output>
          </reporter-output>
        </test-method> <!-- runScenario -->
        <test-method signature="runScenario(io.cucumber.testng.PickleWrapper,io.cucumber.testng.FeatureWrapper)[pri:0, instance:urbanladderrunner.runner@41330d4f]" started-at="2021-09-26T09:58:35 IST" name="runScenario" description="Runs Cucumber Scenarios" data-provider="scenarios" finished-at="2021-09-26T09:58:59 IST" duration-ms="23352" status="PASS">
          <params>
            <param index="0">
              <value>
                <![CDATA["Automating signup page"]]>
              </value>
            </param>
            <param index="1">
              <value>
                <![CDATA["Optional[Validating Urbanladder Website]"]]>
              </value>
            </param>
          </params>
          <reporter-output>
          </reporter-output>
        </test-method> <!-- runScenario -->
        <test-method signature="runScenario(io.cucumber.testng.PickleWrapper,io.cucumber.testng.FeatureWrapper)[pri:0, instance:urbanladderrunner.runner@41330d4f]" started-at="2021-09-26T09:58:59 IST" name="runScenario" description="Runs Cucumber Scenarios" data-provider="scenarios" finished-at="2021-09-26T09:59:04 IST" duration-ms="5589" status="PASS">
          <params>
            <param index="0">
              <value>
                <![CDATA["Validating Q and A page"]]>
              </value>
            </param>
            <param index="1">
              <value>
                <![CDATA["Optional[Validating Urbanladder Website]"]]>
              </value>
            </param>
          </params>
          <reporter-output>
          </reporter-output>
        </test-method> <!-- runScenario -->
        <test-method signature="runScenario(io.cucumber.testng.PickleWrapper,io.cucumber.testng.FeatureWrapper)[pri:0, instance:urbanladderrunner.runner@41330d4f]" started-at="2021-09-26T09:59:04 IST" name="runScenario" description="Runs Cucumber Scenarios" data-provider="scenarios" finished-at="2021-09-26T09:59:24 IST" duration-ms="19108" status="PASS">
          <params>
            <param index="0">
              <value>
                <![CDATA["Automating login page"]]>
              </value>
            </param>
            <param index="1">
              <value>
                <![CDATA["Optional[Validating Urbanladder Website]"]]>
              </value>
            </param>
          </params>
          <reporter-output>
          </reporter-output>
        </test-method> <!-- runScenario -->
        <test-method signature="runScenario(io.cucumber.testng.PickleWrapper,io.cucumber.testng.FeatureWrapper)[pri:0, instance:urbanladderrunner.runner@41330d4f]" started-at="2021-09-26T09:59:24 IST" name="runScenario" description="Runs Cucumber Scenarios" data-provider="scenarios" finished-at="2021-09-26T09:59:33 IST" duration-ms="9822" status="PASS">
          <params>
            <param index="0">
              <value>
                <![CDATA["Validating search page"]]>
              </value>
            </param>
            <param index="1">
              <value>
                <![CDATA["Optional[Validating Urbanladder Website]"]]>
              </value>
            </param>
          </params>
          <reporter-output>
          </reporter-output>
        </test-method> <!-- runScenario -->
        <test-method signature="runScenario(io.cucumber.testng.PickleWrapper,io.cucumber.testng.FeatureWrapper)[pri:0, instance:urbanladderrunner.runner@41330d4f]" started-at="2021-09-26T09:59:33 IST" name="runScenario" description="Runs Cucumber Scenarios" data-provider="scenarios" finished-at="2021-09-26T09:59:43 IST" duration-ms="9746" status="PASS">
          <params>
            <param index="0">
              <value>
                <![CDATA["Validating gift card page"]]>
              </value>
            </param>
            <param index="1">
              <value>
                <![CDATA["Optional[Validating Urbanladder Website]"]]>
              </value>
            </param>
          </params>
          <reporter-output>
          </reporter-output>
        </test-method> <!-- runScenario -->
        <test-method is-config="true" signature="tearDownClass()[pri:0, instance:urbanladderrunner.runner@41330d4f]" started-at="2021-09-26T09:59:43 IST" name="tearDownClass" finished-at="2021-09-26T09:59:43 IST" duration-ms="56" status="PASS">
          <reporter-output>
          </reporter-output>
        </test-method> <!-- tearDownClass -->
      </class> <!-- urbanladderrunner.runner -->
    </test> <!-- Default test -->
  </suite> <!-- Default suite -->
</testng-results>
